This is MetaPost, version 1.803 (MiKTeX 2.9 64-bit)  5 MAY 2016 17:07
**apparatus
(mpost.mp (C:/Program Files/MiKTeX 2.9/metapost/base/plain.mp
Preloading the plain mem file, version 1.004) )
(C:/Users/David/Sync/Research/Presentations/2016-05-07 Midwest PDE/gfx/apparatus.mp
(C:/Program Files/MiKTeX 2.9/metapost/base/TEX.mp)
(C:/Users/David/Sync/Research/Presentations/2016-05-07 Midwest PDE/gfx/mptextmp.mp)
(C:/Users/David/Sync/Research/Presentations/2016-05-07 Midwest PDE/gfx/mptextmp.mp)
(C:/Users/David/Sync/Research/Presentations/2016-05-07 Midwest PDE/gfx/mptextmp.mp)
(C:/Users/David/Sync/Research/Presentations/2016-05-07 Midwest PDE/gfx/mptextmp.mp)
(C:/Users/David/Sync/Research/Presentations/2016-05-07 Midwest PDE/gfx/mptextmp.mp)
(C:/Users/David/Sync/Research/Presentations/2016-05-07 Midwest PDE/gfx/mptextmp.mp)
(C:/Users/David/Sync/Research/Presentations/2016-05-07 Midwest PDE/gfx/mptextmp.mp)
(C:/Users/David/Sync/Research/Presentations/2016-05-07 Midwest PDE/gfx/mptextmp.mp) [1{psfonts.map}<
cmmi10.pfb><cmr10.pfb>]
(C:/Users/David/Sync/Research/Presentations/2016-05-07 Midwest PDE/gfx/mptextmp.mp)
(C:/Users/David/Sync/Research/Presentations/2016-05-07 Midwest PDE/gfx/mptextmp.mp)
(C:/Users/David/Sync/Research/Presentations/2016-05-07 Midwest PDE/gfx/mptextmp.mp)
(C:/Users/David/Sync/Research/Presentations/2016-05-07 Midwest PDE/gfx/mptextmp.mp)
(C:/Users/David/Sync/Research/Presentations/2016-05-07 Midwest PDE/gfx/mptextmp.mp)
(C:/Users/David/Sync/Research/Presentations/2016-05-07 Midwest PDE/gfx/mptextmp.mp) [2<cmmi10.pfb><c
mr10.pfb>] )
2 output files written: apparatus-01.mps .. apparatus-02.mps

