This is MetaPost, version 1.803 (MiKTeX 2.9 64-bit)  5 MAY 2016 18:56
**BC-MC-NC
(mpost.mp (C:/Program Files/MiKTeX 2.9/metapost/base/plain.mp
Preloading the plain mem file, version 1.004) )
(C:/Users/David/Sync/Research/Presentations/2016-05-07 Midwest PDE/gfx/BC-MC-NC.mp
(C:/Program Files/MiKTeX 2.9/metapost/base/TEX.mp)
(C:/Users/David/Sync/Research/Presentations/2016-05-07 Midwest PDE/gfx/mptextmp.mp)
(C:/Users/David/Sync/Research/Presentations/2016-05-07 Midwest PDE/gfx/mptextmp.mp)
(C:/Users/David/Sync/Research/Presentations/2016-05-07 Midwest PDE/gfx/mptextmp.mp)
(C:/Users/David/Sync/Research/Presentations/2016-05-07 Midwest PDE/gfx/mptextmp.mp)
(C:/Users/David/Sync/Research/Presentations/2016-05-07 Midwest PDE/gfx/mptextmp.mp)
(C:/Users/David/Sync/Research/Presentations/2016-05-07 Midwest PDE/gfx/mptextmp.mp) [1{psfonts.map}<
cmmi10.pfb><cmr10.pfb>] [2<cmmi10.pfb><cmr10.pfb>] [3<cmmi10.pfb><cmr10.pfb>] [4<cmmi10.pfb><cmr10.p
fb>] [5<cmmi10.pfb><cmr10.pfb>] [6<cmmi10.pfb><cmr10.pfb>] [7<cmmi10.pfb><cmr10.pfb>] [8<cmmi10.pfb>
<cmr10.pfb>] [9<cmmi10.pfb><cmr10.pfb>] [10<cmmi10.pfb><cmr10.pfb>] [11<cmmi10.pfb><cmr10.pfb>]
[12<cmmi10.pfb><cmr10.pfb>] [13<cmmi10.pfb><cmr10.pfb>] [14<cmmi10.pfb><cmr10.pfb>] [15<cmmi10.pfb><
cmr10.pfb>] [16<cmmi10.pfb><cmr10.pfb>]
(C:/Users/David/Sync/Research/Presentations/2016-05-07 Midwest PDE/gfx/mptextmp.mp)
(C:/Users/David/Sync/Research/Presentations/2016-05-07 Midwest PDE/gfx/mptextmp.mp)
(C:/Users/David/Sync/Research/Presentations/2016-05-07 Midwest PDE/gfx/mptextmp.mp)
(C:/Users/David/Sync/Research/Presentations/2016-05-07 Midwest PDE/gfx/mptextmp.mp) [17<cmmi10.pfb><
cmr10.pfb><cmex10.pfb><cmmi7.pfb><cmsy10.pfb><cmr7.pfb>] )
17 output files written: BC-MC-NC-01.mps .. BC-MC-NC-017.mps

