This is MetaPost, version 1.803 (MiKTeX 2.9 64-bit)  5 MAY 2016 19:04
**Green
(mpost.mp (C:/Program Files/MiKTeX 2.9/metapost/base/plain.mp
Preloading the plain mem file, version 1.004) )
(C:/Users/David/Sync/Research/Presentations/2016-05-07 Midwest PDE/gfx/Green.mp
(C:/Program Files/MiKTeX 2.9/metapost/base/TEX.mp)
(C:/Users/David/Sync/Research/Presentations/2016-05-07 Midwest PDE/gfx/mptextmp.mp)
(C:/Users/David/Sync/Research/Presentations/2016-05-07 Midwest PDE/gfx/mptextmp.mp)
(C:/Users/David/Sync/Research/Presentations/2016-05-07 Midwest PDE/gfx/mptextmp.mp)
(C:/Users/David/Sync/Research/Presentations/2016-05-07 Midwest PDE/gfx/mptextmp.mp)
(C:/Users/David/Sync/Research/Presentations/2016-05-07 Midwest PDE/gfx/mptextmp.mp)
(C:/Users/David/Sync/Research/Presentations/2016-05-07 Midwest PDE/gfx/mptextmp.mp)
(C:/Users/David/Sync/Research/Presentations/2016-05-07 Midwest PDE/gfx/mptextmp.mp)
(C:/Users/David/Sync/Research/Presentations/2016-05-07 Midwest PDE/gfx/mptextmp.mp)
(C:/Users/David/Sync/Research/Presentations/2016-05-07 Midwest PDE/gfx/mptextmp.mp)
(C:/Users/David/Sync/Research/Presentations/2016-05-07 Midwest PDE/gfx/mptextmp.mp)
(C:/Users/David/Sync/Research/Presentations/2016-05-07 Midwest PDE/gfx/mptextmp.mp)
(C:/Users/David/Sync/Research/Presentations/2016-05-07 Midwest PDE/gfx/mptextmp.mp)
(C:/Users/David/Sync/Research/Presentations/2016-05-07 Midwest PDE/gfx/mptextmp.mp) [1{psfonts.map}<
cmmi10.pfb><cmr10.pfb><cmex10.pfb><cmmi7.pfb><cmsy10.pfb><cmr7.pfb>] )
1 output file written: Green-01.mps

